"Task Aware Debugger for GDB" version 24.9.0 (202407110857)
Copyright 2016-2023 NXP
==================================
13:14:29.855 INFO: [TadModel] DSF session ID 6 has started.
13:14:31.800 INFO: [TadState] TAD state changed: DEBUG_STARTED -> DEBUG_INIT_0 (SUSPENDED, USER_REQUEST)
13:14:32.838 INFO: [TadState] TAD state changed: DEBUG_INIT_0 -> DEBUG_INIT_1 (RESUMED, USER_REQUEST)
13:14:32.865 INFO: [TadState] TAD state changed: DEBUG_INIT_1 -> DEBUG_SUSPENDED (SUSPENDED, BREAKPOINT)
13:14:37.09 INFO: [TadState] TAD state changed: DEBUG_SUSPENDED -> DEBUG_RESUMED (RESUMED, USER_REQUEST)
13:15:17.187 INFO: [TadState] TAD state changed: DEBUG_RESUMED -> READY (SUSPENDED, SIGNAL)
13:15:17.189 INFO: [Benchmark] Loading data for "Determine RTOS version" has started.
13:15:17.190 ERROR: [VariableReader] Could not read variable expression: "&(FreeRTOSDebugConfig)".
13:15:17.190 ERROR: [VariableReader] Status ERROR: org.eclipse.cdt.dsf.gdb code=10004 Failed to execute MI command:
13:15:17.190 ERROR: [VariableReader] -data-evaluate-expression &(FreeRTOSDebugConfig)
13:15:17.190 ERROR: [VariableReader] Error message from debugger back end:
13:15:17.190 ERROR: [VariableReader] No symbol "FreeRTOSDebugConfig" in current context. java.lang.Exception: No symbol "FreeRTOSDebugConfig" in current context.
13:15:17.191 ERROR: [VariableReader] Could not read variable expression: "sizeof(struct TaskControlBlock_t)".
13:15:17.191 ERROR: [VariableReader] Status ERROR: org.eclipse.cdt.dsf.gdb code=10004 Failed to execute MI command:
13:15:17.191 ERROR: [VariableReader] -data-evaluate-expression "sizeof(struct TaskControlBlock_t)"
13:15:17.191 ERROR: [VariableReader] Error message from debugger back end:
13:15:17.191 ERROR: [VariableReader] No struct type named TaskControlBlock_t. java.lang.Exception: No struct type named TaskControlBlock_t.
13:15:17.193 ERROR: [VariableReader] Could not read variable expression: "&(((struct QueueDefinition *) 0)->pcTail)".
13:15:17.193 ERROR: [VariableReader] Status ERROR: org.eclipse.cdt.dsf.gdb code=10004 Failed to execute MI command:
13:15:17.193 ERROR: [VariableReader] -data-evaluate-expression "&(((struct QueueDefinition *) 0)->pcTail)"
13:15:17.193 ERROR: [VariableReader] Error message from debugger back end:
13:15:17.194 ERROR: [VariableReader] There is no member named pcTail. java.lang.Exception: There is no member named pcTail.
13:15:17.194 INFO: [FreeRtosTadModel] FreeRTOS version has been identified from available FreeRTOS symbols as 10.11.
13:15:17.194 INFO: [Benchmark] Loading data for "Determine RTOS version" took 5 ms.
13:15:17.194 INFO: [Benchmark] Loading data for "Task List" has started.
13:15:17.202 ERROR: [VariableReader] Could not read variable expression: "ulTotalRunTime".
13:15:17.202 ERROR: [VariableReader] Status ERROR: org.eclipse.cdt.dsf.gdb code=10004 Failed to execute MI command:
13:15:17.202 ERROR: [VariableReader] -data-evaluate-expression ulTotalRunTime
13:15:17.202 ERROR: [VariableReader] Error message from debugger back end:
13:15:17.202 ERROR: [VariableReader] No symbol "ulTotalRunTime" in current context. java.lang.Exception: No symbol "ulTotalRunTime" in current context.
13:15:17.202 ERROR: [TaskFactory] ulTotalRunTime not available
13:15:17.210 ERROR: [VariableReader] Could not read variable expression: "(((struct tskTaskControlBlock *) 0x200010b8)->pxEndOfStack)".
13:15:17.210 ERROR: [VariableReader] Status ERROR: org.eclipse.cdt.dsf.gdb code=10004 Failed to execute MI command:
13:15:17.210 ERROR: [VariableReader] -data-evaluate-expression "(((struct tskTaskControlBlock *) 0x200010b8)->pxEndOfStack)"
13:15:17.210 ERROR: [VariableReader] Error message from debugger back end:
13:15:17.210 ERROR: [VariableReader] There is no member named pxEndOfStack. java.lang.Exception: There is no member named pxEndOfStack.
13:15:17.210 INFO: [FreeRTOS] RTOS macro "configRECORD_STACK_HIGH_ADDRESS" is disabled.
13:15:17.215 ERROR: [VariableReader] Could not read variable expression: "(((struct tskTaskControlBlock *) 0x200010b8)->uxCoreAffinityMask)".
13:15:17.215 ERROR: [VariableReader] Status ERROR: org.eclipse.cdt.dsf.gdb code=10004 Failed to execute MI command:
13:15:17.215 ERROR: [VariableReader] -data-evaluate-expression "(((struct tskTaskControlBlock *) 0x200010b8)->uxCoreAffinityMask)"
13:15:17.215 ERROR: [VariableReader] Error message from debugger back end:
13:15:17.215 ERROR: [VariableReader] There is no member named uxCoreAffinityMask. java.lang.Exception: There is no member named uxCoreAffinityMask.
13:15:17.215 INFO: [FreeRTOS] RTOS macro "configUSE_CORE_AFFINITY" is disabled.
13:15:17.217 ERROR: [VariableReader] Could not read variable expression: "(((struct tskTaskControlBlock *) 0x200010b8)->ulRunTimeCounter)".
13:15:17.217 ERROR: [VariableReader] Status ERROR: org.eclipse.cdt.dsf.gdb code=10004 Failed to execute MI command:
13:15:17.217 ERROR: [VariableReader] -data-evaluate-expression "(((struct tskTaskControlBlock *) 0x200010b8)->ulRunTimeCounter)"
13:15:17.217 ERROR: [VariableReader] Error message from debugger back end:
13:15:17.217 ERROR: [VariableReader] There is no member named ulRunTimeCounter. java.lang.Exception: There is no member named ulRunTimeCounter.
13:15:17.217 INFO: [FreeRTOS] RTOS macro "configGENERATE_RUN_TIME_STATS" is disabled.
13:15:17.281 ERROR: [TaskFactory] Could not read pxEndOfStack variable needed for determining correct stack size! 
	Please enable "configRECORD_STACK_HIGH_ADDRESS" macro in FreeRTOSConfig.h.
13:15:17.281 INFO: [Benchmark] Loading data for "Task List" took 87 ms.
13:15:18.202 INFO: [TadModel] DSF session ID 6 has ended.
