"Task Aware Debugger for GDB" version 24.9.0 (202407110857)
Copyright 2016-2023 NXP
==================================
12:54:17.100 INFO: [TadModel] DSF session ID 10 has started.
12:54:19.98 INFO: [TadState] TAD state changed: DEBUG_STARTED -> DEBUG_INIT_0 (SUSPENDED, USER_REQUEST)
12:54:20.68 INFO: [TadState] TAD state changed: DEBUG_INIT_0 -> DEBUG_INIT_1 (RESUMED, USER_REQUEST)
12:54:20.93 INFO: [TadState] TAD state changed: DEBUG_INIT_1 -> DEBUG_SUSPENDED (SUSPENDED, BREAKPOINT)
12:54:28.199 INFO: [TadState] TAD state changed: DEBUG_SUSPENDED -> DEBUG_RESUMED (RESUMED, USER_REQUEST)
12:54:51.523 INFO: [TadState] TAD state changed: DEBUG_RESUMED -> READY (SUSPENDED, SIGNAL)
12:54:51.525 INFO: [Benchmark] Loading data for "Determine RTOS version" has started.
12:54:51.525 ERROR: [VariableReader] Could not read variable expression: "&(FreeRTOSDebugConfig)".
12:54:51.526 ERROR: [VariableReader] Status ERROR: org.eclipse.cdt.dsf.gdb code=10004 Failed to execute MI command:
12:54:51.526 ERROR: [VariableReader] -data-evaluate-expression &(FreeRTOSDebugConfig)
12:54:51.526 ERROR: [VariableReader] Error message from debugger back end:
12:54:51.526 ERROR: [VariableReader] No symbol "FreeRTOSDebugConfig" in current context. java.lang.Exception: No symbol "FreeRTOSDebugConfig" in current context.
12:54:51.526 ERROR: [VariableReader] Could not read variable expression: "sizeof(struct TaskControlBlock_t)".
12:54:51.526 ERROR: [VariableReader] Status ERROR: org.eclipse.cdt.dsf.gdb code=10004 Failed to execute MI command:
12:54:51.526 ERROR: [VariableReader] -data-evaluate-expression "sizeof(struct TaskControlBlock_t)"
12:54:51.526 ERROR: [VariableReader] Error message from debugger back end:
12:54:51.526 ERROR: [VariableReader] No struct type named TaskControlBlock_t. java.lang.Exception: No struct type named TaskControlBlock_t.
12:54:51.526 ERROR: [VariableReader] Could not read variable expression: "&(((struct QueueDefinition *) 0)->pcTail)".
12:54:51.527 ERROR: [VariableReader] Status ERROR: org.eclipse.cdt.dsf.gdb code=10004 Failed to execute MI command:
12:54:51.527 ERROR: [VariableReader] -data-evaluate-expression "&(((struct QueueDefinition *) 0)->pcTail)"
12:54:51.527 ERROR: [VariableReader] Error message from debugger back end:
12:54:51.527 ERROR: [VariableReader] No struct type named QueueDefinition. java.lang.Exception: No struct type named QueueDefinition.
12:54:51.527 INFO: [FreeRtosTadModel] FreeRTOS version has been identified from available FreeRTOS symbols as 10.11.
12:54:51.527 INFO: [Benchmark] Loading data for "Determine RTOS version" took 3 ms.
12:54:51.527 INFO: [Benchmark] Loading data for "Task List" has started.
12:54:51.527 ERROR: [VariableReader] Could not read variable expression: "sizeof(xQueueRegistry)".
12:54:51.527 ERROR: [VariableReader] Status ERROR: org.eclipse.cdt.dsf.gdb code=10004 Failed to execute MI command:
12:54:51.527 ERROR: [VariableReader] -data-evaluate-expression sizeof(xQueueRegistry)
12:54:51.527 ERROR: [VariableReader] Error message from debugger back end:
12:54:51.527 ERROR: [VariableReader] No symbol "xQueueRegistry" in current context. java.lang.Exception: No symbol "xQueueRegistry" in current context.
12:54:51.527 ERROR: [QueueFactory] Queue registry size is zero! Each queue must be registered with vQueueAddToRegistry() and configQUEUE_REGISTRY_SIZE macro 
must be greater than zero (found in FreeRTOSConfig.h)
12:54:51.530 ERROR: [VariableReader] Could not read variable expression: "ulTotalRunTime".
12:54:51.530 ERROR: [VariableReader] Status ERROR: org.eclipse.cdt.dsf.gdb code=10004 Failed to execute MI command:
12:54:51.530 ERROR: [VariableReader] -data-evaluate-expression ulTotalRunTime
12:54:51.530 ERROR: [VariableReader] Error message from debugger back end:
12:54:51.530 ERROR: [VariableReader] No symbol "ulTotalRunTime" in current context. java.lang.Exception: No symbol "ulTotalRunTime" in current context.
12:54:51.530 ERROR: [TaskFactory] ulTotalRunTime not available
12:54:51.536 ERROR: [VariableReader] Could not read variable expression: "(((struct tskTaskControlBlock *) 0x20001060)->pxEndOfStack)".
12:54:51.536 ERROR: [VariableReader] Status ERROR: org.eclipse.cdt.dsf.gdb code=10004 Failed to execute MI command:
12:54:51.536 ERROR: [VariableReader] -data-evaluate-expression "(((struct tskTaskControlBlock *) 0x20001060)->pxEndOfStack)"
12:54:51.536 ERROR: [VariableReader] Error message from debugger back end:
12:54:51.536 ERROR: [VariableReader] There is no member named pxEndOfStack. java.lang.Exception: There is no member named pxEndOfStack.
12:54:51.536 INFO: [FreeRTOS] RTOS macro "configRECORD_STACK_HIGH_ADDRESS" is disabled.
12:54:51.541 ERROR: [VariableReader] Could not read variable expression: "(((struct tskTaskControlBlock *) 0x20001060)->uxCoreAffinityMask)".
12:54:51.541 ERROR: [VariableReader] Status ERROR: org.eclipse.cdt.dsf.gdb code=10004 Failed to execute MI command:
12:54:51.541 ERROR: [VariableReader] -data-evaluate-expression "(((struct tskTaskControlBlock *) 0x20001060)->uxCoreAffinityMask)"
12:54:51.541 ERROR: [VariableReader] Error message from debugger back end:
12:54:51.541 ERROR: [VariableReader] There is no member named uxCoreAffinityMask. java.lang.Exception: There is no member named uxCoreAffinityMask.
12:54:51.541 INFO: [FreeRTOS] RTOS macro "configUSE_CORE_AFFINITY" is disabled.
12:54:51.543 ERROR: [VariableReader] Could not read variable expression: "(((struct tskTaskControlBlock *) 0x20001060)->ulRunTimeCounter)".
12:54:51.543 ERROR: [VariableReader] Status ERROR: org.eclipse.cdt.dsf.gdb code=10004 Failed to execute MI command:
12:54:51.543 ERROR: [VariableReader] -data-evaluate-expression "(((struct tskTaskControlBlock *) 0x20001060)->ulRunTimeCounter)"
12:54:51.543 ERROR: [VariableReader] Error message from debugger back end:
12:54:51.543 ERROR: [VariableReader] There is no member named ulRunTimeCounter. java.lang.Exception: There is no member named ulRunTimeCounter.
12:54:51.543 INFO: [FreeRTOS] RTOS macro "configGENERATE_RUN_TIME_STATS" is disabled.
12:54:51.625 ERROR: [TaskFactory] Could not read pxEndOfStack variable needed for determining correct stack size! 
	Please enable "configRECORD_STACK_HIGH_ADDRESS" macro in FreeRTOSConfig.h.
12:54:51.626 INFO: [Benchmark] Loading data for "Task List" took 99 ms.
12:54:52.25 INFO: [TadModel] DSF session ID 10 has ended.
