"Task Aware Debugger for GDB" version 24.9.0 (202407110857)
Copyright 2016-2023 NXP
==================================
13:31:34.257 INFO: [TadModel] DSF session ID 91 has started.
13:31:37.20 INFO: [TadState] TAD state changed: DEBUG_STARTED -> DEBUG_INIT_0 (SUSPENDED, USER_REQUEST)
13:31:38.592 INFO: [TadState] TAD state changed: DEBUG_INIT_0 -> DEBUG_INIT_1 (RESUMED, USER_REQUEST)
13:31:38.616 INFO: [TadState] TAD state changed: DEBUG_INIT_1 -> DEBUG_SUSPENDED (SUSPENDED, BREAKPOINT)
13:31:45.86 INFO: [TadState] TAD state changed: DEBUG_SUSPENDED -> DEBUG_RESUMED (RESUMED, USER_REQUEST)
13:32:51.87 INFO: [TadState] TAD state changed: DEBUG_RESUMED -> READY (SUSPENDED, SIGNAL)
13:32:51.93 INFO: [Benchmark] Loading data for "Determine RTOS version" has started.
13:32:51.95 ERROR: [VariableReader] Could not read variable expression: "&(FreeRTOSDebugConfig)".
13:32:51.96 ERROR: [VariableReader] Status ERROR: org.eclipse.cdt.dsf.gdb code=10004 Failed to execute MI command:
13:32:51.96 ERROR: [VariableReader] -data-evaluate-expression &(FreeRTOSDebugConfig)
13:32:51.96 ERROR: [VariableReader] Error message from debugger back end:
13:32:51.96 ERROR: [VariableReader] No symbol "FreeRTOSDebugConfig" in current context. java.lang.Exception: No symbol "FreeRTOSDebugConfig" in current context.
13:32:51.97 ERROR: [VariableReader] Could not read variable expression: "sizeof(struct TaskControlBlock_t)".
13:32:51.97 ERROR: [VariableReader] Status ERROR: org.eclipse.cdt.dsf.gdb code=10004 Failed to execute MI command:
13:32:51.97 ERROR: [VariableReader] -data-evaluate-expression "sizeof(struct TaskControlBlock_t)"
13:32:51.97 ERROR: [VariableReader] Error message from debugger back end:
13:32:51.97 ERROR: [VariableReader] No struct type named TaskControlBlock_t. java.lang.Exception: No struct type named TaskControlBlock_t.
13:32:51.101 ERROR: [VariableReader] Could not read variable expression: "&(((struct QueueDefinition *) 0)->pcTail)".
13:32:51.101 ERROR: [VariableReader] Status ERROR: org.eclipse.cdt.dsf.gdb code=10004 Failed to execute MI command:
13:32:51.101 ERROR: [VariableReader] -data-evaluate-expression "&(((struct QueueDefinition *) 0)->pcTail)"
13:32:51.101 ERROR: [VariableReader] Error message from debugger back end:
13:32:51.101 ERROR: [VariableReader] There is no member named pcTail. java.lang.Exception: There is no member named pcTail.
13:32:51.101 INFO: [FreeRtosTadModel] FreeRTOS version has been identified from available FreeRTOS symbols as 10.11.
13:32:51.101 INFO: [Benchmark] Loading data for "Determine RTOS version" took 8 ms.
13:32:51.101 INFO: [Benchmark] Loading data for "Task List" has started.
13:32:51.157 ERROR: [VariableReader] Could not read variable expression: "ulTotalRunTime".
13:32:51.157 ERROR: [VariableReader] Status ERROR: org.eclipse.cdt.dsf.gdb code=10004 Failed to execute MI command:
13:32:51.157 ERROR: [VariableReader] -data-evaluate-expression ulTotalRunTime
13:32:51.157 ERROR: [VariableReader] Error message from debugger back end:
13:32:51.157 ERROR: [VariableReader] No symbol "ulTotalRunTime" in current context. java.lang.Exception: No symbol "ulTotalRunTime" in current context.
13:32:51.157 ERROR: [TaskFactory] ulTotalRunTime not available
13:32:51.167 ERROR: [VariableReader] Could not read variable expression: "(((struct tskTaskControlBlock *) 0x20003fd0)->pxEndOfStack)".
13:32:51.167 ERROR: [VariableReader] Status ERROR: org.eclipse.cdt.dsf.gdb code=10004 Failed to execute MI command:
13:32:51.167 ERROR: [VariableReader] -data-evaluate-expression "(((struct tskTaskControlBlock *) 0x20003fd0)->pxEndOfStack)"
13:32:51.167 ERROR: [VariableReader] Error message from debugger back end:
13:32:51.167 ERROR: [VariableReader] There is no member named pxEndOfStack. java.lang.Exception: There is no member named pxEndOfStack.
13:32:51.167 INFO: [FreeRTOS] RTOS macro "configRECORD_STACK_HIGH_ADDRESS" is disabled.
13:32:51.172 ERROR: [VariableReader] Could not read variable expression: "(((struct tskTaskControlBlock *) 0x20003fd0)->uxCoreAffinityMask)".
13:32:51.172 ERROR: [VariableReader] Status ERROR: org.eclipse.cdt.dsf.gdb code=10004 Failed to execute MI command:
13:32:51.172 ERROR: [VariableReader] -data-evaluate-expression "(((struct tskTaskControlBlock *) 0x20003fd0)->uxCoreAffinityMask)"
13:32:51.172 ERROR: [VariableReader] Error message from debugger back end:
13:32:51.172 ERROR: [VariableReader] There is no member named uxCoreAffinityMask. java.lang.Exception: There is no member named uxCoreAffinityMask.
13:32:51.172 INFO: [FreeRTOS] RTOS macro "configUSE_CORE_AFFINITY" is disabled.
13:32:51.173 ERROR: [VariableReader] Could not read variable expression: "(((struct tskTaskControlBlock *) 0x20003fd0)->ulRunTimeCounter)".
13:32:51.173 ERROR: [VariableReader] Status ERROR: org.eclipse.cdt.dsf.gdb code=10004 Failed to execute MI command:
13:32:51.173 ERROR: [VariableReader] -data-evaluate-expression "(((struct tskTaskControlBlock *) 0x20003fd0)->ulRunTimeCounter)"
13:32:51.173 ERROR: [VariableReader] Error message from debugger back end:
13:32:51.173 ERROR: [VariableReader] There is no member named ulRunTimeCounter. java.lang.Exception: There is no member named ulRunTimeCounter.
13:32:51.173 INFO: [FreeRTOS] RTOS macro "configGENERATE_RUN_TIME_STATS" is disabled.
13:32:51.301 ERROR: [TaskFactory] Could not read pxEndOfStack variable needed for determining correct stack size! 
	Please enable "configRECORD_STACK_HIGH_ADDRESS" macro in FreeRTOSConfig.h.
13:32:51.302 INFO: [Benchmark] Loading data for "Task List" took 201 ms.
13:32:52.106 INFO: [TadModel] DSF session ID 91 has ended.
