push S "<Relational operators>"
print 1
push S "1<5: "
push I 1
push I 5
lt I
print 2
push S "1>3.5: "
push I 1
itof
push F 3.5
gt F
print 2
push S "aa==aa: "
push S "aa"
push S "aa"
eq S
print 2
push S "aa==ab: "
push S "aa"
push S "ab"
eq S
print 2
push S "aa!=ab: "
push S "aa"
push S "ab"
eq S
not
print 2
push S ""
print 1
push S "<Logic operators>"
print 1
push S "false and true (false):"
push B false
push B true
and
print 2
push S "false or true (true):"
push B false
push B true
or
print 2
push S "not 1==2 (true):"
push I 1
push I 2
eq I
not
print 2
push S "true or false and true (true):"
push B true
push B false
push B true
and
or
print 2