"Task Aware Debugger for GDB" version 24.9.0 (202407110857)
Copyright 2016-2023 NXP
==================================
10:49:15.514 INFO: [TadModel] DSF session ID 59 has started.
10:49:17.375 INFO: [TadState] TAD state changed: DEBUG_STARTED -> DEBUG_INIT_0 (SUSPENDED, USER_REQUEST)
10:49:19.148 INFO: [TadState] TAD state changed: DEBUG_INIT_0 -> DEBUG_INIT_1 (RESUMED, USER_REQUEST)
10:49:19.172 INFO: [TadState] TAD state changed: DEBUG_INIT_1 -> DEBUG_SUSPENDED (SUSPENDED, BREAKPOINT)
10:49:20.628 INFO: [TadState] TAD state changed: DEBUG_SUSPENDED -> DEBUG_RESUMED (RESUMED, USER_REQUEST)
10:50:47.417 INFO: [TadState] TAD state changed: DEBUG_RESUMED -> READY (SUSPENDED, SIGNAL)
10:50:47.418 INFO: [Benchmark] Loading data for "Determine RTOS version" has started.
10:50:47.420 ERROR: [VariableReader] Could not read variable expression: "&(FreeRTOSDebugConfig)".
10:50:47.420 ERROR: [VariableReader] Status ERROR: org.eclipse.cdt.dsf.gdb code=10004 Failed to execute MI command:
10:50:47.420 ERROR: [VariableReader] -data-evaluate-expression &(FreeRTOSDebugConfig)
10:50:47.420 ERROR: [VariableReader] Error message from debugger back end:
10:50:47.420 ERROR: [VariableReader] No symbol "FreeRTOSDebugConfig" in current context. java.lang.Exception: No symbol "FreeRTOSDebugConfig" in current context.
10:50:47.421 ERROR: [VariableReader] Could not read variable expression: "sizeof(struct TaskControlBlock_t)".
10:50:47.421 ERROR: [VariableReader] Status ERROR: org.eclipse.cdt.dsf.gdb code=10004 Failed to execute MI command:
10:50:47.421 ERROR: [VariableReader] -data-evaluate-expression "sizeof(struct TaskControlBlock_t)"
10:50:47.421 ERROR: [VariableReader] Error message from debugger back end:
10:50:47.421 ERROR: [VariableReader] No struct type named TaskControlBlock_t. java.lang.Exception: No struct type named TaskControlBlock_t.
10:50:47.426 ERROR: [VariableReader] Could not read variable expression: "&(((struct QueueDefinition *) 0)->pcTail)".
10:50:47.426 ERROR: [VariableReader] Status ERROR: org.eclipse.cdt.dsf.gdb code=10004 Failed to execute MI command:
10:50:47.426 ERROR: [VariableReader] -data-evaluate-expression "&(((struct QueueDefinition *) 0)->pcTail)"
10:50:47.426 ERROR: [VariableReader] Error message from debugger back end:
10:50:47.426 ERROR: [VariableReader] There is no member named pcTail. java.lang.Exception: There is no member named pcTail.
10:50:47.426 INFO: [FreeRtosTadModel] FreeRTOS version has been identified from available FreeRTOS symbols as 10.11.
10:50:47.426 INFO: [Benchmark] Loading data for "Determine RTOS version" took 8 ms.
10:50:47.426 INFO: [Benchmark] Loading data for "Task List" has started.
10:50:47.493 ERROR: [VariableReader] Could not read variable expression: "ulTotalRunTime".
10:50:47.493 ERROR: [VariableReader] Status ERROR: org.eclipse.cdt.dsf.gdb code=10004 Failed to execute MI command:
10:50:47.493 ERROR: [VariableReader] -data-evaluate-expression ulTotalRunTime
10:50:47.493 ERROR: [VariableReader] Error message from debugger back end:
10:50:47.493 ERROR: [VariableReader] No symbol "ulTotalRunTime" in current context. java.lang.Exception: No symbol "ulTotalRunTime" in current context.
10:50:47.493 ERROR: [TaskFactory] ulTotalRunTime not available
10:50:47.499 ERROR: [VariableReader] Could not read variable expression: "(((struct tskTaskControlBlock *) 0x20005480)->pxEndOfStack)".
10:50:47.499 ERROR: [VariableReader] Status ERROR: org.eclipse.cdt.dsf.gdb code=10004 Failed to execute MI command:
10:50:47.499 ERROR: [VariableReader] -data-evaluate-expression "(((struct tskTaskControlBlock *) 0x20005480)->pxEndOfStack)"
10:50:47.499 ERROR: [VariableReader] Error message from debugger back end:
10:50:47.499 ERROR: [VariableReader] There is no member named pxEndOfStack. java.lang.Exception: There is no member named pxEndOfStack.
10:50:47.499 INFO: [FreeRTOS] RTOS macro "configRECORD_STACK_HIGH_ADDRESS" is disabled.
10:50:47.503 ERROR: [VariableReader] Could not read variable expression: "(((struct tskTaskControlBlock *) 0x20005480)->uxCoreAffinityMask)".
10:50:47.503 ERROR: [VariableReader] Status ERROR: org.eclipse.cdt.dsf.gdb code=10004 Failed to execute MI command:
10:50:47.503 ERROR: [VariableReader] -data-evaluate-expression "(((struct tskTaskControlBlock *) 0x20005480)->uxCoreAffinityMask)"
10:50:47.503 ERROR: [VariableReader] Error message from debugger back end:
10:50:47.503 ERROR: [VariableReader] There is no member named uxCoreAffinityMask. java.lang.Exception: There is no member named uxCoreAffinityMask.
10:50:47.503 INFO: [FreeRTOS] RTOS macro "configUSE_CORE_AFFINITY" is disabled.
10:50:47.504 ERROR: [VariableReader] Could not read variable expression: "(((struct tskTaskControlBlock *) 0x20005480)->ulRunTimeCounter)".
10:50:47.504 ERROR: [VariableReader] Status ERROR: org.eclipse.cdt.dsf.gdb code=10004 Failed to execute MI command:
10:50:47.504 ERROR: [VariableReader] -data-evaluate-expression "(((struct tskTaskControlBlock *) 0x20005480)->ulRunTimeCounter)"
10:50:47.504 ERROR: [VariableReader] Error message from debugger back end:
10:50:47.504 ERROR: [VariableReader] There is no member named ulRunTimeCounter. java.lang.Exception: There is no member named ulRunTimeCounter.
10:50:47.504 INFO: [FreeRTOS] RTOS macro "configGENERATE_RUN_TIME_STATS" is disabled.
10:50:47.716 ERROR: [TaskFactory] Could not read pxEndOfStack variable needed for determining correct stack size! 
	Please enable "configRECORD_STACK_HIGH_ADDRESS" macro in FreeRTOSConfig.h.
10:50:47.716 INFO: [Benchmark] Loading data for "Task List" took 290 ms.
10:50:48.418 INFO: [TadModel] DSF session ID 59 has ended.
